


ARM Macro Assembler    Page 1 


    1 00000000                 PRESERVE8
    2 00000000                 THUMB
    3 00000000         
    4 00000000                 EXPORT           GestionSon_callback
    5 00000000                 EXPORT           GestionSon_Start
    6 00000000         
    7 00000000                 IMPORT           GestionSon_Index
    8 00000000                 IMPORT           LongueurSon
    9 00000000                 IMPORT           Son
   10 00000000                 IMPORT           SortieSon
   11 00000000                 IMPORT           ServJeuLASER_WritePWMSoundVal
   12 00000000         
   13 00000000         
   14 00000000         
   15 00000000         ; ====================== zone de réservation de données,
                         ======================================
   16 00000000         ;Section RAM (read only) :
   17 00000000                 AREA             mesdata,data,readonly
   18 00000000         
   19 00000000         
   20 00000000         ;Section RAM (read write):
   21 00000000                 AREA             maram,data,readwrite
   22 00000000         
   23 00000000         
   24 00000000         ; ======================================================
                       =========================================
   25 00000000         
   26 00000000         
   27 00000000         
   28 00000000         
   29 00000000         ;Section ROM code (read only) :  
   30 00000000                 AREA             moncode,code,readonly
   31 00000000         ; écrire le code ici 
   32 00000000         
   33 00000000         GestionSon_Start
   34 00000000 4813            ldr              r0, =GestionSon_Index
   35 00000002 F04F 0100       mov              r1, #0
   36 00000006 6001            str              r1, [r0]
   37 00000008 4770            bx               lr
   38 0000000A         
   39 0000000A         GestionSon_callback
   40 0000000A         ; Mise à jour index
   41 0000000A F8DF 8044       ldr              r8, =GestionSon_Index ; Met dan
                                                            s r0 l'adresse repr
                                                            ésentée par Gestion
                                                            Son_Index
   42 0000000E F8D8 1000       ldr              r1, [r8]    ; Met dans r0 la va
                                                            leur située à cette
                                                             adresse
   43 00000012         
   44 00000012         ; Récupérationde la longueur de Son[]
   45 00000012 4A10            ldr              r2, =LongueurSon
   46 00000014 6813            ldr              r3, [r2]
   47 00000016         ; Quitter la fonction si la longueur est atteinte
   48 00000016 4299            cmp              r1, r3
   49 00000018 D019            beq              exit
   50 0000001A         
   51 0000001A         ; Sinon, faire la mise à l'échelle
   52 0000001A 4C0F            ldr              r4, =Son



ARM Macro Assembler    Page 2 


   53 0000001C F934 4011       ldrsh            r4, [r4, r1, lsl #1] ; Récupére
                                                            r l'indice GestionS
                                                            on_Index de Son[]
   54 00000020 F647 75FF       mov              r5, #32767
   55 00000024 F44F 4600       mov              r6, #32768
   56 00000028 F240 27CF       mov              r7, #719
   57 0000002C 4434            add              r4, r4, r6
   58 0000002E FB04 F407       mul              r4, r4, r7
   59 00000032 4435            add              r5, r5, r6
   60 00000034 FBB4 F4F5       udiv             r4, r4, r5
   61 00000038 4D08            ldr              r5, =SortieSon
   62 0000003A 602C            str              r4, [r5]
   63 0000003C         
   64 0000003C         ; Mettre à jour index
   65 0000003C F101 0101       add              r1, #1      ; L'incrémente de 1
                                                            
   66 00000040 F8C8 1000       str              r1, [r8]    ; Réécrit la nouvel
                                                            le valeur à l'adres
                                                            se
   67 00000044         
   68 00000044 4620            mov              r0, r4
   69 00000046 B500            push             {lr}
   70 00000048 F7FF FFFE       bl               ServJeuLASER_WritePWMSoundVal
   71 0000004C BD00            pop              {pc}
   72 0000004E         
   73 0000004E         exit
   74 0000004E 4770            bx               lr
   75 00000050         
   76 00000050         
   77 00000050         
   78 00000050                 END
              00000000 
              00000000 
              00000000 
              00000000 
Command Line: --debug --xref --diag_suppress=9931 --cpu=Cortex-M3 --apcs=interw
ork --depend=.\obj\gestionson.d -o.\obj\gestionson.o -I.\RTE\_CibleSondeKEIL -I
C:\Programdata\Keil\Arm\Packs\ARM\CMSIS\5.7.0\CMSIS\Core\Include -IC:\Programda
ta\Keil\Arm\Packs\Keil\STM32F1xx_DFP\2.3.0\Device\Include --predefine="__EVAL S
ETA 1" --predefine="__MICROLIB SETA 1" --predefine="__UVISION_VERSION SETA 534"
 --predefine="_RTE_ SETA 1" --predefine="STM32F10X_MD SETA 1" --predefine="_RTE
_ SETA 1" --list=gestionson.lst GestionSon\GestionSon.s



ARM Macro Assembler    Page 1 Alphabetic symbol ordering
Relocatable symbols

mesdata 00000000

Symbol: mesdata
   Definitions
      At line 17 in file GestionSon\GestionSon.s
   Uses
      None
Comment: mesdata unused
1 symbol



ARM Macro Assembler    Page 1 Alphabetic symbol ordering
Relocatable symbols

maram 00000000

Symbol: maram
   Definitions
      At line 21 in file GestionSon\GestionSon.s
   Uses
      None
Comment: maram unused
1 symbol



ARM Macro Assembler    Page 1 Alphabetic symbol ordering
Relocatable symbols

GestionSon_Start 00000000

Symbol: GestionSon_Start
   Definitions
      At line 33 in file GestionSon\GestionSon.s
   Uses
      At line 5 in file GestionSon\GestionSon.s
Comment: GestionSon_Start used once
GestionSon_callback 0000000A

Symbol: GestionSon_callback
   Definitions
      At line 39 in file GestionSon\GestionSon.s
   Uses
      At line 4 in file GestionSon\GestionSon.s
Comment: GestionSon_callback used once
exit 0000004E

Symbol: exit
   Definitions
      At line 73 in file GestionSon\GestionSon.s
   Uses
      At line 49 in file GestionSon\GestionSon.s
Comment: exit used once
moncode 00000000

Symbol: moncode
   Definitions
      At line 30 in file GestionSon\GestionSon.s
   Uses
      None
Comment: moncode unused
4 symbols



ARM Macro Assembler    Page 1 Alphabetic symbol ordering
External symbols

GestionSon_Index 00000000

Symbol: GestionSon_Index
   Definitions
      At line 7 in file GestionSon\GestionSon.s
   Uses
      At line 34 in file GestionSon\GestionSon.s
      At line 41 in file GestionSon\GestionSon.s

LongueurSon 00000000

Symbol: LongueurSon
   Definitions
      At line 8 in file GestionSon\GestionSon.s
   Uses
      At line 45 in file GestionSon\GestionSon.s
Comment: LongueurSon used once
ServJeuLASER_WritePWMSoundVal 00000000

Symbol: ServJeuLASER_WritePWMSoundVal
   Definitions
      At line 11 in file GestionSon\GestionSon.s
   Uses
      At line 70 in file GestionSon\GestionSon.s
Comment: ServJeuLASER_WritePWMSoundVal used once
Son 00000000

Symbol: Son
   Definitions
      At line 9 in file GestionSon\GestionSon.s
   Uses
      At line 52 in file GestionSon\GestionSon.s
Comment: Son used once
SortieSon 00000000

Symbol: SortieSon
   Definitions
      At line 10 in file GestionSon\GestionSon.s
   Uses
      At line 61 in file GestionSon\GestionSon.s
Comment: SortieSon used once
5 symbols
348 symbols in table
